TN:
SF:/home/dev/Dropbox/www/rsp-fe/src/scripts/class/dom.js
FN:4,(anonymous_3)
FN:4,$
FN:4,create
FN:4,html
FN:4,css
FNF:5
FNH:5
FNDA:23,(anonymous_3)
FNDA:61,$
FNDA:1,create
FNDA:2,html
FNDA:1,css
DA:4,29
DA:15,61
DA:27,1
DA:40,2
DA:41,1
DA:44,1
DA:57,1
LF:7
LH:7
BRDA:40,0,0,1
BRDA:40,0,1,1
BRF:2
BRH:2
end_of_record
TN:
SF:/home/dev/Dropbox/www/rsp-fe/src/scripts/class/game.js
FN:7,(anonymous_3)
FN:15,Game
FN:7,init
FN:7,createComputerControl
FN:52,(anonymous_7)
FN:7,createHumanControl
FN:70,(anonymous_9)
FN:76,(anonymous_10)
FN:81,(anonymous_11)
FN:7,createRound
FN:7,update
FN:125,(anonymous_14)
FN:128,(anonymous_15)
FN:7,updateComputerRoundCounter
FN:7,animationStart
FN:7,animationStop
FNF:16
FNH:10
FNDA:2,(anonymous_3)
FNDA:1,Game
FNDA:1,init
FNDA:1,createComputerControl
FNDA:0,(anonymous_7)
FNDA:1,createHumanControl
FNDA:1,(anonymous_9)
FNDA:0,(anonymous_10)
FNDA:0,(anonymous_11)
FNDA:1,createRound
FNDA:1,update
FNDA:0,(anonymous_14)
FNDA:1,(anonymous_15)
FNDA:0,updateComputerRoundCounter
FNDA:1,animationStart
FNDA:0,animationStop
DA:7,6
DA:15,1
DA:17,1
DA:18,1
DA:19,1
DA:20,1
DA:21,1
DA:22,1
DA:23,1
DA:24,1
DA:25,1
DA:26,1
DA:27,1
DA:28,1
DA:29,1
DA:30,1
DA:31,1
DA:32,1
DA:33,1
DA:34,1
DA:42,1
DA:43,1
DA:44,1
DA:50,1
DA:52,1
DA:54,0
DA:56,0
DA:57,0
DA:59,0
DA:66,1
DA:68,1
DA:70,1
DA:72,1
DA:74,1
DA:76,1
DA:78,1
DA:81,1
DA:83,0
DA:85,0
DA:94,1
DA:96,1
DA:98,1
DA:100,1
DA:106,1
DA:108,1
DA:110,1
DA:111,1
DA:113,1
DA:114,1
DA:116,1
DA:118,0
DA:121,1
DA:123,1
DA:125,1
DA:128,1
DA:138,0
DA:140,0
DA:142,0
DA:143,0
DA:152,1
DA:160,0
LF:61
LH:49
BRDA:116,0,0,0
BRDA:116,0,1,1
BRDA:142,1,0,0
BRDA:142,1,1,0
BRF:4
BRH:1
end_of_record
TN:
SF:/home/dev/Dropbox/www/rsp-fe/src/scripts/class/main.js
FN:11,(anonymous_3)
FN:16,Main
FN:11,init
FN:11,initGameSchema
FN:42,(anonymous_7)
FN:11,setStep
FN:59,(anonymous_9)
FN:11,error
FNF:8
FNH:8
FNDA:2,(anonymous_3)
FNDA:13,Main
FNDA:9,init
FNDA:3,initGameSchema
FNDA:2,(anonymous_7)
FNDA:1,setStep
FNDA:2,(anonymous_9)
FNDA:1,error
DA:11,6
DA:16,13
DA:18,13
DA:19,13
DA:27,9
DA:29,9
DA:34,9
DA:40,3
DA:42,3
DA:44,2
DA:46,2
DA:55,1
DA:57,1
DA:59,2
DA:73,1
DA:77,2
DA:78,2
DA:79,2
DA:80,2
DA:81,2
LF:20
LH:20
BRDA:60,0,0,1
BRDA:60,0,1,1
BRF:2
BRH:2
end_of_record
TN:
SF:/home/dev/Dropbox/www/rsp-fe/src/scripts/class/request.js
FN:3,(anonymous_3)
FN:10,Request
FN:3,get
FN:3,post
FN:3,onReadyStateChange
FN:3,send
FN:77,(anonymous_9)
FN:82,(anonymous_10)
FNF:8
FNH:8
FNDA:3,(anonymous_3)
FNDA:30,Request
FNDA:1,get
FNDA:1,post
FNDA:6,onReadyStateChange
FNDA:7,send
FNDA:7,(anonymous_9)
FNDA:1,(anonymous_10)
DA:3,9
DA:10,30
DA:12,30
DA:22,1
DA:33,1
DA:45,6
DA:46,1
DA:49,5
DA:50,1
DA:53,4
DA:55,4
DA:57,3
DA:58,2
DA:61,1
DA:64,1
DA:75,7
DA:77,7
DA:80,7
DA:82,7
DA:85,7
DA:87,7
DA:88,6
DA:91,7
DA:93,2
DA:95,2
DA:98,7
LF:26
LH:26
BRDA:45,0,0,1
BRDA:45,0,1,5
BRDA:49,1,0,1
BRDA:49,1,1,4
BRDA:57,2,0,2
BRDA:57,2,1,1
BRDA:57,3,0,3
BRDA:57,3,1,2
BRDA:75,4,0,6
BRDA:75,4,1,1
BRDA:75,5,0,7
BRDA:75,5,1,6
BRDA:87,6,0,6
BRDA:87,6,1,1
BRDA:91,7,0,2
BRDA:91,7,1,5
BRF:16
BRH:16
end_of_record
TN:
SF:/home/dev/Dropbox/www/rsp-fe/src/scripts/class/round.js
FN:3,(anonymous_3)
FN:11,Round
FN:3,finish
FN:37,(anonymous_6)
FN:38,(anonymous_7)
FN:39,(anonymous_8)
FN:44,(anonymous_9)
FN:3,processResult
FNF:8
FNH:5
FNDA:2,(anonymous_3)
FNDA:1,Round
FNDA:1,finish
FNDA:1,(anonymous_6)
FNDA:1,(anonymous_7)
FNDA:0,(anonymous_8)
FNDA:0,(anonymous_9)
FNDA:0,processResult
DA:3,6
DA:11,1
DA:13,1
DA:15,1
DA:16,1
DA:17,1
DA:18,1
DA:19,1
DA:27,1
DA:29,1
DA:31,1
DA:37,1
DA:38,1
DA:41,0
DA:43,0
DA:46,0
DA:48,0
DA:59,0
DA:60,0
DA:61,0
DA:62,0
DA:64,0
DA:65,0
DA:68,0
LF:24
LH:13
BRDA:13,0,0,0
BRDA:13,0,1,1
BRDA:17,1,0,0
BRDA:17,1,1,1
BRDA:18,2,0,0
BRDA:18,2,1,1
BRDA:19,3,0,0
BRDA:19,3,1,1
BRDA:35,4,0,1
BRDA:35,4,1,0
BRDA:64,5,0,0
BRDA:64,5,1,0
BRF:12
BRH:5
end_of_record
TN:
SF:/home/dev/Dropbox/www/rsp-fe/src/scripts/class/step-game.js
FN:4,(anonymous_13)
FN:11,StepGame
FN:4,init
FN:28,(anonymous_16)
FN:33,(anonymous_17)
FNF:5
FNH:5
FNDA:2,(anonymous_13)
FNDA:14,StepGame
FNDA:2,init
FNDA:1,(anonymous_16)
FNDA:1,(anonymous_17)
DA:4,8
DA:11,28
DA:13,14
DA:15,14
DA:17,14
DA:23,2
DA:25,2
DA:30,1
DA:32,1
DA:33,1
LF:10
LH:10
BRF:0
BRH:0
end_of_record
TN:
SF:/home/dev/Dropbox/www/rsp-fe/src/scripts/class/step-onboarding.js
FN:5,(anonymous_13)
FN:12,StepOnboarding
FN:5,init
FN:5,initInfo
FN:5,initPromo
FN:50,(anonymous_18)
FN:5,initForm
FN:65,(anonymous_20)
FN:5,onSubsmit
FN:82,(anonymous_22)
FN:87,(anonymous_23)
FNF:11
FNH:2
FNDA:2,(anonymous_13)
FNDA:10,StepOnboarding
FNDA:0,init
FNDA:0,initInfo
FNDA:0,initPromo
FNDA:0,(anonymous_18)
FNDA:0,initForm
FNDA:0,(anonymous_20)
FNDA:0,onSubsmit
FNDA:0,(anonymous_22)
FNDA:0,(anonymous_23)
DA:5,8
DA:12,20
DA:14,10
DA:16,10
DA:17,10
DA:18,10
DA:19,10
DA:20,10
DA:21,10
DA:29,0
DA:30,0
DA:31,0
DA:39,0
DA:40,0
DA:46,0
DA:48,0
DA:50,0
DA:52,0
DA:54,0
DA:56,0
DA:63,0
DA:65,0
DA:67,0
DA:69,0
DA:76,0
DA:78,0
DA:80,0
DA:84,0
DA:86,0
DA:87,0
LF:30
LH:9
BRF:0
BRH:0
end_of_record
TN:
SF:/home/dev/Dropbox/www/rsp-fe/src/scripts/class/step.js
FN:1,(anonymous_3)
FN:8,Step
FN:1,activate
FN:1,deactivate
FNF:4
FNH:4
FNDA:3,(anonymous_3)
FNDA:29,Step
FNDA:1,activate
FNDA:1,deactivate
DA:1,9
DA:8,29
DA:10,29
DA:18,1
DA:20,1
DA:28,1
LF:6
LH:6
BRF:0
BRH:0
end_of_record
TN:
SF:/home/dev/Dropbox/www/rsp-fe/src/scripts/class/user.js
FN:9,User
FNF:1
FNH:1
FNDA:1,User
DA:9,3
DA:11,1
DA:12,1
DA:13,1
DA:14,1
LF:5
LH:5
BRF:0
BRH:0
end_of_record
