TN:
SF:/home/dev/Dropbox/www/rsp-fe/src/scripts/class/dom.js
FN:4,(anonymous_3)
FN:4,$
FN:4,create
FN:4,html
FN:4,css
FNF:5
FNH:5
FNDA:25,(anonymous_3)
FNDA:61,$
FNDA:1,create
FNDA:2,html
FNDA:1,css
DA:4,35
DA:15,61
DA:27,1
DA:40,2
DA:41,1
DA:44,1
DA:57,1
LF:7
LH:7
BRDA:40,0,0,1
BRDA:40,0,1,1
BRF:2
BRH:2
end_of_record
TN:
SF:/home/dev/Dropbox/www/rsp-fe/src/scripts/class/main.js
FN:11,(anonymous_3)
FN:16,Main
FN:11,init
FN:11,initGameSchema
FN:42,(anonymous_7)
FN:11,setStep
FN:61,(anonymous_9)
FN:11,error
FNF:8
FNH:8
FNDA:4,(anonymous_3)
FNDA:13,Main
FNDA:9,init
FNDA:3,initGameSchema
FNDA:2,(anonymous_7)
FNDA:1,setStep
FNDA:2,(anonymous_9)
FNDA:1,error
DA:11,12
DA:16,13
DA:18,13
DA:19,13
DA:27,9
DA:29,9
DA:34,9
DA:40,3
DA:42,3
DA:44,2
DA:46,2
DA:48,2
DA:57,1
DA:59,1
DA:61,2
DA:75,1
DA:79,4
DA:80,4
DA:81,4
DA:82,4
DA:83,4
LF:21
LH:21
BRDA:62,0,0,1
BRDA:62,0,1,1
BRF:2
BRH:2
end_of_record
TN:
SF:/home/dev/Dropbox/www/rsp-fe/src/scripts/class/request.js
FN:3,(anonymous_3)
FN:10,Request
FN:3,get
FN:3,post
FN:3,onReadyStateChange
FN:3,send
FN:77,(anonymous_9)
FN:82,(anonymous_10)
FNF:8
FNH:8
FNDA:5,(anonymous_3)
FNDA:30,Request
FNDA:1,get
FNDA:1,post
FNDA:6,onReadyStateChange
FNDA:7,send
FNDA:7,(anonymous_9)
FNDA:1,(anonymous_10)
DA:3,15
DA:10,30
DA:12,30
DA:22,1
DA:33,1
DA:45,6
DA:46,1
DA:49,5
DA:50,1
DA:53,4
DA:55,4
DA:57,3
DA:58,2
DA:61,1
DA:64,1
DA:75,7
DA:77,7
DA:80,7
DA:82,7
DA:85,7
DA:87,7
DA:88,6
DA:91,7
DA:93,2
DA:95,2
DA:98,7
LF:26
LH:26
BRDA:45,0,0,1
BRDA:45,0,1,5
BRDA:49,1,0,1
BRDA:49,1,1,4
BRDA:57,2,0,2
BRDA:57,2,1,1
BRDA:57,3,0,3
BRDA:57,3,1,2
BRDA:75,4,0,6
BRDA:75,4,1,1
BRDA:75,5,0,7
BRDA:75,5,1,6
BRDA:87,6,0,6
BRDA:87,6,1,1
BRDA:91,7,0,2
BRDA:91,7,1,5
BRF:16
BRH:16
end_of_record
TN:
SF:/home/dev/Dropbox/www/rsp-fe/src/scripts/class/step-game.js
FN:4,(anonymous_13)
FN:11,StepGame
FN:4,init
FN:28,(anonymous_16)
FN:35,(anonymous_17)
FNF:5
FNH:5
FNDA:4,(anonymous_13)
FNDA:14,StepGame
FNDA:2,init
FNDA:1,(anonymous_16)
FNDA:1,(anonymous_17)
DA:4,16
DA:11,28
DA:13,14
DA:15,14
DA:17,14
DA:23,2
DA:25,2
DA:30,1
DA:32,1
DA:34,1
DA:35,1
LF:11
LH:11
BRF:0
BRH:0
end_of_record
TN:
SF:/home/dev/Dropbox/www/rsp-fe/src/scripts/class/step.js
FN:1,(anonymous_3)
FN:8,Step
FN:1,activate
FN:1,deactivate
FNF:4
FNH:4
FNDA:5,(anonymous_3)
FNDA:30,Step
FNDA:1,activate
FNDA:1,deactivate
DA:1,15
DA:8,30
DA:10,30
DA:18,1
DA:20,1
DA:28,1
LF:6
LH:6
BRF:0
BRH:0
end_of_record
TN:
SF:/home/dev/Dropbox/www/rsp-fe/src/scripts/class/user.js
FN:9,User
FNF:1
FNH:1
FNDA:1,User
DA:9,5
DA:11,1
DA:12,1
DA:13,1
DA:14,1
LF:5
LH:5
BRF:0
BRH:0
end_of_record
